I, [2013-12-13T16:56:56.810877 #5747]  INFO -- : Refreshing Gem list
F, [2013-12-13T16:57:00.551857 #5747] FATAL -- : error adding listener addr=/home/andy/Documents/mori/shared/sockets/unicorn.sock
/home/andy/.rvm/gems/ruby-2.0.0-p247@mori/gems/unicorn-4.7.0/lib/unicorn/socket_helper.rb:158:in `initialize': No such file or directory - "/home/andy/Documents/mori/shared/sockets/unicorn.sock" (Errno::ENOENT)
	from /home/andy/.rvm/gems/ruby-2.0.0-p247@mori/gems/unicorn-4.7.0/lib/unicorn/socket_helper.rb:158:in `new'
	from /home/andy/.rvm/gems/ruby-2.0.0-p247@mori/gems/unicorn-4.7.0/lib/unicorn/socket_helper.rb:158:in `bind_listen'
	from /home/andy/.rvm/gems/ruby-2.0.0-p247@mori/gems/unicorn-4.7.0/lib/unicorn/http_server.rb:255:in `listen'
	from /home/andy/.rvm/gems/ruby-2.0.0-p247@mori/gems/unicorn-4.7.0/lib/unicorn/http_server.rb:801:in `block in bind_new_listeners!'
	from /home/andy/.rvm/gems/ruby-2.0.0-p247@mori/gems/unicorn-4.7.0/lib/unicorn/http_server.rb:801:in `each'
	from /home/andy/.rvm/gems/ruby-2.0.0-p247@mori/gems/unicorn-4.7.0/lib/unicorn/http_server.rb:801:in `bind_new_listeners!'
	from /home/andy/.rvm/gems/ruby-2.0.0-p247@mori/gems/unicorn-4.7.0/lib/unicorn/http_server.rb:146:in `start'
	from /home/andy/.rvm/gems/ruby-2.0.0-p247@mori/gems/unicorn-4.7.0/bin/unicorn_rails:209:in `<top (required)>'
	from /home/andy/.rvm/gems/ruby-2.0.0-p247@mori/bin/unicorn_rails:23:in `load'
	from /home/andy/.rvm/gems/ruby-2.0.0-p247@mori/bin/unicorn_rails:23:in `<main>'
	from /home/andy/.rvm/gems/ruby-2.0.0-p247@mori/bin/ruby_noexec_wrapper:14:in `eval'
	from /home/andy/.rvm/gems/ruby-2.0.0-p247@mori/bin/ruby_noexec_wrapper:14:in `<main>'
I, [2013-12-13T16:58:20.502525 #5786]  INFO -- : Refreshing Gem list
F, [2013-12-13T16:58:24.832631 #5786] FATAL -- : error adding listener addr=/home/andy/Documents/mori/shared/sockets/unicorn.sock
/home/andy/.rvm/gems/ruby-2.0.0-p247@mori/gems/unicorn-4.7.0/lib/unicorn/socket_helper.rb:158:in `initialize': No such file or directory - "/home/andy/Documents/mori/shared/sockets/unicorn.sock" (Errno::ENOENT)
	from /home/andy/.rvm/gems/ruby-2.0.0-p247@mori/gems/unicorn-4.7.0/lib/unicorn/socket_helper.rb:158:in `new'
	from /home/andy/.rvm/gems/ruby-2.0.0-p247@mori/gems/unicorn-4.7.0/lib/unicorn/socket_helper.rb:158:in `bind_listen'
	from /home/andy/.rvm/gems/ruby-2.0.0-p247@mori/gems/unicorn-4.7.0/lib/unicorn/http_server.rb:255:in `listen'
	from /home/andy/.rvm/gems/ruby-2.0.0-p247@mori/gems/unicorn-4.7.0/lib/unicorn/http_server.rb:801:in `block in bind_new_listeners!'
	from /home/andy/.rvm/gems/ruby-2.0.0-p247@mori/gems/unicorn-4.7.0/lib/unicorn/http_server.rb:801:in `each'
	from /home/andy/.rvm/gems/ruby-2.0.0-p247@mori/gems/unicorn-4.7.0/lib/unicorn/http_server.rb:801:in `bind_new_listeners!'
	from /home/andy/.rvm/gems/ruby-2.0.0-p247@mori/gems/unicorn-4.7.0/lib/unicorn/http_server.rb:146:in `start'
	from /home/andy/.rvm/gems/ruby-2.0.0-p247@mori/gems/unicorn-4.7.0/bin/unicorn_rails:209:in `<top (required)>'
	from /home/andy/.rvm/gems/ruby-2.0.0-p247@mori/bin/unicorn_rails:23:in `load'
	from /home/andy/.rvm/gems/ruby-2.0.0-p247@mori/bin/unicorn_rails:23:in `<main>'
	from /home/andy/.rvm/gems/ruby-2.0.0-p247@mori/bin/ruby_noexec_wrapper:14:in `eval'
	from /home/andy/.rvm/gems/ruby-2.0.0-p247@mori/bin/ruby_noexec_wrapper:14:in `<main>'
I, [2013-12-13T16:58:53.784846 #5810]  INFO -- : Refreshing Gem list
F, [2013-12-13T16:58:57.684416 #5810] FATAL -- : error adding listener addr=/home/andy/Documents/mori/shared/sockets/unicorn.sock
/home/andy/.rvm/gems/ruby-2.0.0-p247@mori/gems/unicorn-4.7.0/lib/unicorn/socket_helper.rb:158:in `initialize': No such file or directory - "/home/andy/Documents/mori/shared/sockets/unicorn.sock" (Errno::ENOENT)
	from /home/andy/.rvm/gems/ruby-2.0.0-p247@mori/gems/unicorn-4.7.0/lib/unicorn/socket_helper.rb:158:in `new'
	from /home/andy/.rvm/gems/ruby-2.0.0-p247@mori/gems/unicorn-4.7.0/lib/unicorn/socket_helper.rb:158:in `bind_listen'
	from /home/andy/.rvm/gems/ruby-2.0.0-p247@mori/gems/unicorn-4.7.0/lib/unicorn/http_server.rb:255:in `listen'
	from /home/andy/.rvm/gems/ruby-2.0.0-p247@mori/gems/unicorn-4.7.0/lib/unicorn/http_server.rb:801:in `block in bind_new_listeners!'
	from /home/andy/.rvm/gems/ruby-2.0.0-p247@mori/gems/unicorn-4.7.0/lib/unicorn/http_server.rb:801:in `each'
	from /home/andy/.rvm/gems/ruby-2.0.0-p247@mori/gems/unicorn-4.7.0/lib/unicorn/http_server.rb:801:in `bind_new_listeners!'
	from /home/andy/.rvm/gems/ruby-2.0.0-p247@mori/gems/unicorn-4.7.0/lib/unicorn/http_server.rb:146:in `start'
	from /home/andy/.rvm/gems/ruby-2.0.0-p247@mori/gems/unicorn-4.7.0/bin/unicorn_rails:209:in `<top (required)>'
	from /home/andy/.rvm/gems/ruby-2.0.0-p247@mori/bin/unicorn_rails:23:in `load'
	from /home/andy/.rvm/gems/ruby-2.0.0-p247@mori/bin/unicorn_rails:23:in `<main>'
	from /home/andy/.rvm/gems/ruby-2.0.0-p247@mori/bin/ruby_noexec_wrapper:14:in `eval'
	from /home/andy/.rvm/gems/ruby-2.0.0-p247@mori/bin/ruby_noexec_wrapper:14:in `<main>'
I, [2013-12-13T17:03:29.515588 #5835]  INFO -- : Refreshing Gem list
F, [2013-12-13T17:03:33.284088 #5835] FATAL -- : error adding listener addr=/home/andy/Documents/mori/shared/sockets/unicorn.sock
/home/andy/.rvm/gems/ruby-2.0.0-p247@mori/gems/unicorn-4.7.0/lib/unicorn/socket_helper.rb:158:in `initialize': No such file or directory - "/home/andy/Documents/mori/shared/sockets/unicorn.sock" (Errno::ENOENT)
	from /home/andy/.rvm/gems/ruby-2.0.0-p247@mori/gems/unicorn-4.7.0/lib/unicorn/socket_helper.rb:158:in `new'
	from /home/andy/.rvm/gems/ruby-2.0.0-p247@mori/gems/unicorn-4.7.0/lib/unicorn/socket_helper.rb:158:in `bind_listen'
	from /home/andy/.rvm/gems/ruby-2.0.0-p247@mori/gems/unicorn-4.7.0/lib/unicorn/http_server.rb:255:in `listen'
	from /home/andy/.rvm/gems/ruby-2.0.0-p247@mori/gems/unicorn-4.7.0/lib/unicorn/http_server.rb:801:in `block in bind_new_listeners!'
	from /home/andy/.rvm/gems/ruby-2.0.0-p247@mori/gems/unicorn-4.7.0/lib/unicorn/http_server.rb:801:in `each'
	from /home/andy/.rvm/gems/ruby-2.0.0-p247@mori/gems/unicorn-4.7.0/lib/unicorn/http_server.rb:801:in `bind_new_listeners!'
	from /home/andy/.rvm/gems/ruby-2.0.0-p247@mori/gems/unicorn-4.7.0/lib/unicorn/http_server.rb:146:in `start'
	from /home/andy/.rvm/gems/ruby-2.0.0-p247@mori/gems/unicorn-4.7.0/bin/unicorn_rails:209:in `<top (required)>'
	from /home/andy/.rvm/gems/ruby-2.0.0-p247@mori/bin/unicorn_rails:23:in `load'
	from /home/andy/.rvm/gems/ruby-2.0.0-p247@mori/bin/unicorn_rails:23:in `<main>'
	from /home/andy/.rvm/gems/ruby-2.0.0-p247@mori/bin/ruby_noexec_wrapper:14:in `eval'
	from /home/andy/.rvm/gems/ruby-2.0.0-p247@mori/bin/ruby_noexec_wrapper:14:in `<main>'
I, [2013-12-13T17:04:46.584397 #5903]  INFO -- : Refreshing Gem list
F, [2013-12-13T17:04:50.358630 #5903] FATAL -- : error adding listener addr=/home/andy/Documents/mori/shared/sockets/unicorn.sock
/home/andy/.rvm/gems/ruby-2.0.0-p247@mori/gems/unicorn-4.7.0/lib/unicorn/socket_helper.rb:158:in `initialize': No such file or directory - "/home/andy/Documents/mori/shared/sockets/unicorn.sock" (Errno::ENOENT)
	from /home/andy/.rvm/gems/ruby-2.0.0-p247@mori/gems/unicorn-4.7.0/lib/unicorn/socket_helper.rb:158:in `new'
	from /home/andy/.rvm/gems/ruby-2.0.0-p247@mori/gems/unicorn-4.7.0/lib/unicorn/socket_helper.rb:158:in `bind_listen'
	from /home/andy/.rvm/gems/ruby-2.0.0-p247@mori/gems/unicorn-4.7.0/lib/unicorn/http_server.rb:255:in `listen'
	from /home/andy/.rvm/gems/ruby-2.0.0-p247@mori/gems/unicorn-4.7.0/lib/unicorn/http_server.rb:801:in `block in bind_new_listeners!'
	from /home/andy/.rvm/gems/ruby-2.0.0-p247@mori/gems/unicorn-4.7.0/lib/unicorn/http_server.rb:801:in `each'
	from /home/andy/.rvm/gems/ruby-2.0.0-p247@mori/gems/unicorn-4.7.0/lib/unicorn/http_server.rb:801:in `bind_new_listeners!'
	from /home/andy/.rvm/gems/ruby-2.0.0-p247@mori/gems/unicorn-4.7.0/lib/unicorn/http_server.rb:146:in `start'
	from /home/andy/.rvm/gems/ruby-2.0.0-p247@mori/gems/unicorn-4.7.0/bin/unicorn_rails:209:in `<top (required)>'
	from /home/andy/.rvm/gems/ruby-2.0.0-p247@mori/bin/unicorn_rails:23:in `load'
	from /home/andy/.rvm/gems/ruby-2.0.0-p247@mori/bin/unicorn_rails:23:in `<main>'
	from /home/andy/.rvm/gems/ruby-2.0.0-p247@mori/bin/ruby_noexec_wrapper:14:in `eval'
	from /home/andy/.rvm/gems/ruby-2.0.0-p247@mori/bin/ruby_noexec_wrapper:14:in `<main>'
I, [2013-12-13T17:04:56.478258 #5911]  INFO -- : Refreshing Gem list
F, [2013-12-13T17:05:00.310186 #5911] FATAL -- : error adding listener addr=/home/andy/Documents/mori/shared/sockets/unicorn.sock
/home/andy/.rvm/gems/ruby-2.0.0-p247@mori/gems/unicorn-4.7.0/lib/unicorn/socket_helper.rb:158:in `initialize': No such file or directory - "/home/andy/Documents/mori/shared/sockets/unicorn.sock" (Errno::ENOENT)
	from /home/andy/.rvm/gems/ruby-2.0.0-p247@mori/gems/unicorn-4.7.0/lib/unicorn/socket_helper.rb:158:in `new'
	from /home/andy/.rvm/gems/ruby-2.0.0-p247@mori/gems/unicorn-4.7.0/lib/unicorn/socket_helper.rb:158:in `bind_listen'
	from /home/andy/.rvm/gems/ruby-2.0.0-p247@mori/gems/unicorn-4.7.0/lib/unicorn/http_server.rb:255:in `listen'
	from /home/andy/.rvm/gems/ruby-2.0.0-p247@mori/gems/unicorn-4.7.0/lib/unicorn/http_server.rb:801:in `block in bind_new_listeners!'
	from /home/andy/.rvm/gems/ruby-2.0.0-p247@mori/gems/unicorn-4.7.0/lib/unicorn/http_server.rb:801:in `each'
	from /home/andy/.rvm/gems/ruby-2.0.0-p247@mori/gems/unicorn-4.7.0/lib/unicorn/http_server.rb:801:in `bind_new_listeners!'
	from /home/andy/.rvm/gems/ruby-2.0.0-p247@mori/gems/unicorn-4.7.0/lib/unicorn/http_server.rb:146:in `start'
	from /home/andy/.rvm/gems/ruby-2.0.0-p247@mori/gems/unicorn-4.7.0/bin/unicorn:126:in `<top (required)>'
	from /home/andy/.rvm/gems/ruby-2.0.0-p247@mori/bin/unicorn:23:in `load'
	from /home/andy/.rvm/gems/ruby-2.0.0-p247@mori/bin/unicorn:23:in `<main>'
	from /home/andy/.rvm/gems/ruby-2.0.0-p247@mori/bin/ruby_noexec_wrapper:14:in `eval'
	from /home/andy/.rvm/gems/ruby-2.0.0-p247@mori/bin/ruby_noexec_wrapper:14:in `<main>'
I, [2013-12-13T17:05:02.945604 #5913]  INFO -- : Refreshing Gem list
F, [2013-12-13T17:05:06.735165 #5913] FATAL -- : error adding listener addr=/home/andy/Documents/mori/shared/sockets/unicorn.sock
/home/andy/.rvm/gems/ruby-2.0.0-p247@mori/gems/unicorn-4.7.0/lib/unicorn/socket_helper.rb:158:in `initialize': No such file or directory - "/home/andy/Documents/mori/shared/sockets/unicorn.sock" (Errno::ENOENT)
	from /home/andy/.rvm/gems/ruby-2.0.0-p247@mori/gems/unicorn-4.7.0/lib/unicorn/socket_helper.rb:158:in `new'
	from /home/andy/.rvm/gems/ruby-2.0.0-p247@mori/gems/unicorn-4.7.0/lib/unicorn/socket_helper.rb:158:in `bind_listen'
	from /home/andy/.rvm/gems/ruby-2.0.0-p247@mori/gems/unicorn-4.7.0/lib/unicorn/http_server.rb:255:in `listen'
	from /home/andy/.rvm/gems/ruby-2.0.0-p247@mori/gems/unicorn-4.7.0/lib/unicorn/http_server.rb:801:in `block in bind_new_listeners!'
	from /home/andy/.rvm/gems/ruby-2.0.0-p247@mori/gems/unicorn-4.7.0/lib/unicorn/http_server.rb:801:in `each'
	from /home/andy/.rvm/gems/ruby-2.0.0-p247@mori/gems/unicorn-4.7.0/lib/unicorn/http_server.rb:801:in `bind_new_listeners!'
	from /home/andy/.rvm/gems/ruby-2.0.0-p247@mori/gems/unicorn-4.7.0/lib/unicorn/http_server.rb:146:in `start'
	from /home/andy/.rvm/gems/ruby-2.0.0-p247@mori/gems/unicorn-4.7.0/bin/unicorn_rails:209:in `<top (required)>'
	from /home/andy/.rvm/gems/ruby-2.0.0-p247@mori/bin/unicorn_rails:23:in `load'
	from /home/andy/.rvm/gems/ruby-2.0.0-p247@mori/bin/unicorn_rails:23:in `<main>'
	from /home/andy/.rvm/gems/ruby-2.0.0-p247@mori/bin/ruby_noexec_wrapper:14:in `eval'
	from /home/andy/.rvm/gems/ruby-2.0.0-p247@mori/bin/ruby_noexec_wrapper:14:in `<main>'
I, [2013-12-13T17:05:18.719503 #5945]  INFO -- : Refreshing Gem list
F, [2013-12-13T17:05:22.488684 #5945] FATAL -- : error adding listener addr=/home/andy/Documents/mori/shared/sockets/unicorn.sock
/home/andy/.rvm/gems/ruby-2.0.0-p247@mori/gems/unicorn-4.7.0/lib/unicorn/socket_helper.rb:158:in `initialize': No such file or directory - "/home/andy/Documents/mori/shared/sockets/unicorn.sock" (Errno::ENOENT)
	from /home/andy/.rvm/gems/ruby-2.0.0-p247@mori/gems/unicorn-4.7.0/lib/unicorn/socket_helper.rb:158:in `new'
	from /home/andy/.rvm/gems/ruby-2.0.0-p247@mori/gems/unicorn-4.7.0/lib/unicorn/socket_helper.rb:158:in `bind_listen'
	from /home/andy/.rvm/gems/ruby-2.0.0-p247@mori/gems/unicorn-4.7.0/lib/unicorn/http_server.rb:255:in `listen'
	from /home/andy/.rvm/gems/ruby-2.0.0-p247@mori/gems/unicorn-4.7.0/lib/unicorn/http_server.rb:801:in `block in bind_new_listeners!'
	from /home/andy/.rvm/gems/ruby-2.0.0-p247@mori/gems/unicorn-4.7.0/lib/unicorn/http_server.rb:801:in `each'
	from /home/andy/.rvm/gems/ruby-2.0.0-p247@mori/gems/unicorn-4.7.0/lib/unicorn/http_server.rb:801:in `bind_new_listeners!'
	from /home/andy/.rvm/gems/ruby-2.0.0-p247@mori/gems/unicorn-4.7.0/lib/unicorn/http_server.rb:146:in `start'
	from /home/andy/.rvm/gems/ruby-2.0.0-p247@mori/gems/unicorn-4.7.0/bin/unicorn_rails:209:in `<top (required)>'
	from /home/andy/.rvm/gems/ruby-2.0.0-p247@mori/bin/unicorn_rails:23:in `load'
	from /home/andy/.rvm/gems/ruby-2.0.0-p247@mori/bin/unicorn_rails:23:in `<main>'
	from /home/andy/.rvm/gems/ruby-2.0.0-p247@mori/bin/ruby_noexec_wrapper:14:in `eval'
	from /home/andy/.rvm/gems/ruby-2.0.0-p247@mori/bin/ruby_noexec_wrapper:14:in `<main>'
I, [2013-12-13T17:05:36.894312 #5976]  INFO -- : Refreshing Gem list
F, [2013-12-13T17:05:40.803770 #5976] FATAL -- : error adding listener addr=/home/andy/Documents/mori/shared/sockets/unicorn.sock
/home/andy/.rvm/gems/ruby-2.0.0-p247@mori/gems/unicorn-4.7.0/lib/unicorn/socket_helper.rb:158:in `initialize': No such file or directory - "/home/andy/Documents/mori/shared/sockets/unicorn.sock" (Errno::ENOENT)
	from /home/andy/.rvm/gems/ruby-2.0.0-p247@mori/gems/unicorn-4.7.0/lib/unicorn/socket_helper.rb:158:in `new'
	from /home/andy/.rvm/gems/ruby-2.0.0-p247@mori/gems/unicorn-4.7.0/lib/unicorn/socket_helper.rb:158:in `bind_listen'
	from /home/andy/.rvm/gems/ruby-2.0.0-p247@mori/gems/unicorn-4.7.0/lib/unicorn/http_server.rb:255:in `listen'
	from /home/andy/.rvm/gems/ruby-2.0.0-p247@mori/gems/unicorn-4.7.0/lib/unicorn/http_server.rb:801:in `block in bind_new_listeners!'
	from /home/andy/.rvm/gems/ruby-2.0.0-p247@mori/gems/unicorn-4.7.0/lib/unicorn/http_server.rb:801:in `each'
	from /home/andy/.rvm/gems/ruby-2.0.0-p247@mori/gems/unicorn-4.7.0/lib/unicorn/http_server.rb:801:in `bind_new_listeners!'
	from /home/andy/.rvm/gems/ruby-2.0.0-p247@mori/gems/unicorn-4.7.0/lib/unicorn/http_server.rb:146:in `start'
	from /home/andy/.rvm/gems/ruby-2.0.0-p247@mori/gems/unicorn-4.7.0/bin/unicorn_rails:209:in `<top (required)>'
	from /home/andy/.rvm/gems/ruby-2.0.0-p247@mori/bin/unicorn_rails:23:in `load'
	from /home/andy/.rvm/gems/ruby-2.0.0-p247@mori/bin/unicorn_rails:23:in `<main>'
	from /home/andy/.rvm/gems/ruby-2.0.0-p247@mori/bin/ruby_noexec_wrapper:14:in `eval'
	from /home/andy/.rvm/gems/ruby-2.0.0-p247@mori/bin/ruby_noexec_wrapper:14:in `<main>'
I, [2013-12-13T17:10:54.249356 #6099]  INFO -- : Refreshing Gem list
F, [2013-12-13T17:10:58.023549 #6099] FATAL -- : error adding listener addr=/home/andy/Documents/mori/shared/sockets/unicorn.sock
/home/andy/.rvm/gems/ruby-2.0.0-p247@mori/gems/unicorn-4.7.0/lib/unicorn/socket_helper.rb:158:in `initialize': No such file or directory - "/home/andy/Documents/mori/shared/sockets/unicorn.sock" (Errno::ENOENT)
	from /home/andy/.rvm/gems/ruby-2.0.0-p247@mori/gems/unicorn-4.7.0/lib/unicorn/socket_helper.rb:158:in `new'
	from /home/andy/.rvm/gems/ruby-2.0.0-p247@mori/gems/unicorn-4.7.0/lib/unicorn/socket_helper.rb:158:in `bind_listen'
	from /home/andy/.rvm/gems/ruby-2.0.0-p247@mori/gems/unicorn-4.7.0/lib/unicorn/http_server.rb:255:in `listen'
	from /home/andy/.rvm/gems/ruby-2.0.0-p247@mori/gems/unicorn-4.7.0/lib/unicorn/http_server.rb:801:in `block in bind_new_listeners!'
	from /home/andy/.rvm/gems/ruby-2.0.0-p247@mori/gems/unicorn-4.7.0/lib/unicorn/http_server.rb:801:in `each'
	from /home/andy/.rvm/gems/ruby-2.0.0-p247@mori/gems/unicorn-4.7.0/lib/unicorn/http_server.rb:801:in `bind_new_listeners!'
	from /home/andy/.rvm/gems/ruby-2.0.0-p247@mori/gems/unicorn-4.7.0/lib/unicorn/http_server.rb:146:in `start'
	from /home/andy/.rvm/gems/ruby-2.0.0-p247@mori/gems/unicorn-4.7.0/bin/unicorn_rails:209:in `<top (required)>'
	from /home/andy/.rvm/gems/ruby-2.0.0-p247@mori/bin/unicorn_rails:23:in `load'
	from /home/andy/.rvm/gems/ruby-2.0.0-p247@mori/bin/unicorn_rails:23:in `<main>'
	from /home/andy/.rvm/gems/ruby-2.0.0-p247@mori/bin/ruby_noexec_wrapper:14:in `eval'
	from /home/andy/.rvm/gems/ruby-2.0.0-p247@mori/bin/ruby_noexec_wrapper:14:in `<main>'
I, [2013-12-13T17:11:14.219254 #6102]  INFO -- : Refreshing Gem list
F, [2013-12-13T17:11:17.997140 #6102] FATAL -- : error adding listener addr=/home/andy/Documents/mori/shared/sockets/unicorn.sock
/home/andy/.rvm/gems/ruby-2.0.0-p247@mori/gems/unicorn-4.7.0/lib/unicorn/socket_helper.rb:158:in `initialize': No such file or directory - "/home/andy/Documents/mori/shared/sockets/unicorn.sock" (Errno::ENOENT)
	from /home/andy/.rvm/gems/ruby-2.0.0-p247@mori/gems/unicorn-4.7.0/lib/unicorn/socket_helper.rb:158:in `new'
	from /home/andy/.rvm/gems/ruby-2.0.0-p247@mori/gems/unicorn-4.7.0/lib/unicorn/socket_helper.rb:158:in `bind_listen'
	from /home/andy/.rvm/gems/ruby-2.0.0-p247@mori/gems/unicorn-4.7.0/lib/unicorn/http_server.rb:255:in `listen'
	from /home/andy/.rvm/gems/ruby-2.0.0-p247@mori/gems/unicorn-4.7.0/lib/unicorn/http_server.rb:801:in `block in bind_new_listeners!'
	from /home/andy/.rvm/gems/ruby-2.0.0-p247@mori/gems/unicorn-4.7.0/lib/unicorn/http_server.rb:801:in `each'
	from /home/andy/.rvm/gems/ruby-2.0.0-p247@mori/gems/unicorn-4.7.0/lib/unicorn/http_server.rb:801:in `bind_new_listeners!'
	from /home/andy/.rvm/gems/ruby-2.0.0-p247@mori/gems/unicorn-4.7.0/lib/unicorn/http_server.rb:146:in `start'
	from /home/andy/.rvm/gems/ruby-2.0.0-p247@mori/gems/unicorn-4.7.0/bin/unicorn_rails:209:in `<top (required)>'
	from /home/andy/.rvm/gems/ruby-2.0.0-p247@mori/bin/unicorn_rails:23:in `load'
	from /home/andy/.rvm/gems/ruby-2.0.0-p247@mori/bin/unicorn_rails:23:in `<main>'
	from /home/andy/.rvm/gems/ruby-2.0.0-p247@mori/bin/ruby_noexec_wrapper:14:in `eval'
	from /home/andy/.rvm/gems/ruby-2.0.0-p247@mori/bin/ruby_noexec_wrapper:14:in `<main>'
I, [2013-12-13T17:11:36.782113 #6133]  INFO -- : Refreshing Gem list
F, [2013-12-13T17:11:40.666965 #6133] FATAL -- : error adding listener addr=/home/andy/Documents/mori/shared/sockets/unicorn.sock
/home/andy/.rvm/gems/ruby-2.0.0-p247@mori/gems/unicorn-4.7.0/lib/unicorn/socket_helper.rb:158:in `initialize': No such file or directory - "/home/andy/Documents/mori/shared/sockets/unicorn.sock" (Errno::ENOENT)
	from /home/andy/.rvm/gems/ruby-2.0.0-p247@mori/gems/unicorn-4.7.0/lib/unicorn/socket_helper.rb:158:in `new'
	from /home/andy/.rvm/gems/ruby-2.0.0-p247@mori/gems/unicorn-4.7.0/lib/unicorn/socket_helper.rb:158:in `bind_listen'
	from /home/andy/.rvm/gems/ruby-2.0.0-p247@mori/gems/unicorn-4.7.0/lib/unicorn/http_server.rb:255:in `listen'
	from /home/andy/.rvm/gems/ruby-2.0.0-p247@mori/gems/unicorn-4.7.0/lib/unicorn/http_server.rb:801:in `block in bind_new_listeners!'
	from /home/andy/.rvm/gems/ruby-2.0.0-p247@mori/gems/unicorn-4.7.0/lib/unicorn/http_server.rb:801:in `each'
	from /home/andy/.rvm/gems/ruby-2.0.0-p247@mori/gems/unicorn-4.7.0/lib/unicorn/http_server.rb:801:in `bind_new_listeners!'
	from /home/andy/.rvm/gems/ruby-2.0.0-p247@mori/gems/unicorn-4.7.0/lib/unicorn/http_server.rb:146:in `start'
	from /home/andy/.rvm/gems/ruby-2.0.0-p247@mori/gems/unicorn-4.7.0/bin/unicorn_rails:209:in `<top (required)>'
	from /home/andy/.rvm/gems/ruby-2.0.0-p247@mori/bin/unicorn_rails:23:in `load'
	from /home/andy/.rvm/gems/ruby-2.0.0-p247@mori/bin/unicorn_rails:23:in `<main>'
	from /home/andy/.rvm/gems/ruby-2.0.0-p247@mori/bin/ruby_noexec_wrapper:14:in `eval'
	from /home/andy/.rvm/gems/ruby-2.0.0-p247@mori/bin/ruby_noexec_wrapper:14:in `<main>'
I, [2013-12-13T17:12:03.921623 #6151]  INFO -- : Refreshing Gem list
I, [2013-12-13T17:12:07.813131 #6151]  INFO -- : listening on addr=/home/andy/Documents/mori/shared/sockets/unicorn.sock fd=11
I, [2013-12-13T17:12:07.813585 #6151]  INFO -- : listening on addr=0.0.0.0:8888 fd=12
I, [2013-12-13T17:12:21.855394 #6170]  INFO -- : worker=0 spawned pid=6170
I, [2013-12-13T17:12:21.858293 #6170]  INFO -- : worker=0 ready
I, [2013-12-13T17:12:35.860597 #6180]  INFO -- : worker=1 spawned pid=6180
I, [2013-12-13T17:12:35.865132 #6180]  INFO -- : worker=1 ready
I, [2013-12-13T17:12:49.871244 #6189]  INFO -- : worker=2 spawned pid=6189
I, [2013-12-13T17:12:49.876393 #6189]  INFO -- : worker=2 ready
I, [2013-12-13T17:13:03.882214 #6241]  INFO -- : worker=3 spawned pid=6241
I, [2013-12-13T17:13:03.886896 #6241]  INFO -- : worker=3 ready
I, [2013-12-13T17:13:17.884099 #6272]  INFO -- : worker=4 spawned pid=6272
I, [2013-12-13T17:13:17.888038 #6272]  INFO -- : worker=4 ready
I, [2013-12-13T17:13:31.890249 #6300]  INFO -- : worker=5 spawned pid=6300
I, [2013-12-13T17:13:31.893170 #6300]  INFO -- : worker=5 ready
I, [2013-12-13T17:13:45.896387 #6313]  INFO -- : worker=6 spawned pid=6313
I, [2013-12-13T17:13:45.901130 #6313]  INFO -- : worker=6 ready
I, [2013-12-13T17:13:59.903450 #6325]  INFO -- : worker=7 spawned pid=6325
I, [2013-12-13T17:13:59.906223 #6325]  INFO -- : worker=7 ready
I, [2013-12-13T17:14:13.884982 #6151]  INFO -- : master process ready
I, [2013-12-13T17:14:13.917479 #6336]  INFO -- : worker=8 spawned pid=6336
I, [2013-12-13T17:14:13.923418 #6336]  INFO -- : worker=8 ready
